-------------------------------------------------------------------------------
Test set: TestSuite
-------------------------------------------------------------------------------
Tests run: 2, Failures: 1, Errors: 0, Skipped: 0, Time elapsed: 4,097.949 s <<< FAILURE! - in TestSuite
getWebPageTestResult(webPageTest.webPageTest)  Time elapsed: 4,069.179 s  <<< FAILURE!
java.lang.NullPointerException
	at webPageTest.webPageTest.getWebPageTestResult(webPageTest.java:28)

